#-----------------------------------------------------------
# Vivado v2023.1 (64-bit)
# SW Build 3865809 on Sun May  7 15:05:29 MDT 2023
# IP Build 3864474 on Sun May  7 20:36:21 MDT 2023
# SharedData Build 3865790 on Sun May 07 13:33:03 MDT 2023
# Start of session at: Mon Dec 11 01:51:34 2023
# Process ID: 5748
# Current directory: C:/Users/oegec/Documents/Desktop/cs223project_begum
# Command line: vivado.exe -gui_launcher_event rodinguilauncherevent9596 C:\Users\oegec\Documents\Desktop\cs223project_begum\cs223project_begum.xpr
# Log file: C:/Users/oegec/Documents/Desktop/cs223project_begum/vivado.log
# Journal file: C:/Users/oegec/Documents/Desktop/cs223project_begum\vivado.jou
# Running On: Biber, OS: Windows, CPU Frequency: 2808 MHz, CPU Physical cores: 4, Host memory: 16773 MB
#-----------------------------------------------------------
start_gui
open_project C:/Users/oegec/Documents/Desktop/cs223project_begum/cs223project_begum.xpr
WARNING: [Board 49-26] cannot add Board Part xilinx.com:kc705:part0:1.6 available at D:/Xilinx/Vivado/2023.1/data/xhub/boards/XilinxBoardStore/boards/Xilinx/kc705/1.6/board.xml as part xc7k325tffg900-2 specified in board_part file is either invalid or not available
WARNING: [Board 49-26] cannot add Board Part xilinx.com:kcu105:part0:1.6 available at D:/Xilinx/Vivado/2023.1/data/xhub/boards/XilinxBoardStore/boards/Xilinx/kcu105/1.6/board.xml as part xcku040-ffva1156-2-e specified in board_part file is either invalid or not available
WARNING: [Board 49-26] cannot add Board Part xilinx.com:kcu105:part0:1.7 available at D:/Xilinx/Vivado/2023.1/data/xhub/boards/XilinxBoardStore/boards/Xilinx/kcu105/1.7/board.xml as part xcku040-ffva1156-2-e specified in board_part file is either invalid or not available
WARNING: [Board 49-26] cannot add Board Part xilinx.com:kcu1500:part0:1.2 available at D:/Xilinx/Vivado/2023.1/data/xhub/boards/XilinxBoardStore/boards/Xilinx/kcu1500/1.2/board.xml as part xcku115-flvb2104-2-e specified in board_part file is either invalid or not available
WARNING: [Board 49-26] cannot add Board Part xilinx.com:vc707:part0:1.4 available at D:/Xilinx/Vivado/2023.1/data/xhub/boards/XilinxBoardStore/boards/Xilinx/vc707/1.4/board.xml as part xc7vx485tffg1761-2 specified in board_part file is either invalid or not available
WARNING: [Board 49-26] cannot add Board Part xilinx.com:vc709:part0:1.8 available at D:/Xilinx/Vivado/2023.1/data/xhub/boards/XilinxBoardStore/boards/Xilinx/vc709/1.8/board.xml as part xc7vx690tffg1761-2 specified in board_part file is either invalid or not available
WARNING: [Board 49-26] cannot add Board Part xilinx.com:vck190:part0:2.2 available at D:/Xilinx/Vivado/2023.1/data/xhub/boards/XilinxBoardStore/boards/Xilinx/vck190/production/2.2/board.xml as part xcvc1902-vsva2197-2mp-e-s specified in board_part file is either invalid or not available
WARNING: [Board 49-26] cannot add Board Part xilinx.com:vck190:part0:3.0 available at D:/Xilinx/Vivado/2023.1/data/xhub/boards/XilinxBoardStore/boards/Xilinx/vck190/production/3.0/board.xml as part xcvc1902-vsva2197-2mp-e-s specified in board_part file is either invalid or not available
WARNING: [Board 49-26] cannot add Board Part xilinx.com:vck190:part0:3.1 available at D:/Xilinx/Vivado/2023.1/data/xhub/boards/XilinxBoardStore/boards/Xilinx/vck190/production/3.1/board.xml as part xcvc1902-vsva2197-2mp-e-s specified in board_part file is either invalid or not available
WARNING: [Board 49-26] cannot add Board Part xilinx.com:vck190:part0:3.2 available at D:/Xilinx/Vivado/2023.1/data/xhub/boards/XilinxBoardStore/boards/Xilinx/vck190/production/3.2/board.xml as part xcvc1902-vsva2197-2mp-e-s specified in board_part file is either invalid or not available
WARNING: [Board 49-26] cannot add Board Part xilinx.com:vck190_newl:part0:1.0 available at D:/Xilinx/Vivado/2023.1/data/xhub/boards/XilinxBoardStore/boards/Xilinx/vck190_newl/production/1.0/board.xml as part xcvc1902-vsva2197-2mp-e-s specified in board_part file is either invalid or not available
WARNING: [Board 49-26] cannot add Board Part xilinx.com:vck190_newl:part0:1.1 available at D:/Xilinx/Vivado/2023.1/data/xhub/boards/XilinxBoardStore/boards/Xilinx/vck190_newl/production/1.1/board.xml as part xcvc1902-vsva2197-2mp-e-s specified in board_part file is either invalid or not available
WARNING: [Board 49-26] cannot add Board Part xilinx.com:vcu108:part0:1.6 available at D:/Xilinx/Vivado/2023.1/data/xhub/boards/XilinxBoardStore/boards/Xilinx/vcu108/1.6/board.xml as part xcvu095-ffva2104-2-e specified in board_part file is either invalid or not available
WARNING: [Board 49-26] cannot add Board Part xilinx.com:vcu108:part0:1.7 available at D:/Xilinx/Vivado/2023.1/data/xhub/boards/XilinxBoardStore/boards/Xilinx/vcu108/1.7/board.xml as part xcvu095-ffva2104-2-e specified in board_part file is either invalid or not available
WARNING: [Board 49-26] cannot add Board Part xilinx.com:vcu110:part0:1.4 available at D:/Xilinx/Vivado/2023.1/data/xhub/boards/XilinxBoardStore/boards/Xilinx/vcu110/1.4/board.xml as part xcvu190-flgc2104-2-e specified in board_part file is either invalid or not available
WARNING: [Board 49-26] cannot add Board Part xilinx.com:vcu118:part0:2.0 available at D:/Xilinx/Vivado/2023.1/data/xhub/boards/XilinxBoardStore/boards/Xilinx/vcu118/2.0/board.xml as part xcvu9p-flga2104-2l-e specified in board_part file is either invalid or not available
WARNING: [Board 49-26] cannot add Board Part xilinx.com:vcu118:part0:2.3 available at D:/Xilinx/Vivado/2023.1/data/xhub/boards/XilinxBoardStore/boards/Xilinx/vcu118/2.3/board.xml as part xcvu9p-flga2104-2l-e specified in board_part file is either invalid or not available
WARNING: [Board 49-26] cannot add Board Part xilinx.com:vcu118:part0:2.4 available at D:/Xilinx/Vivado/2023.1/data/xhub/boards/XilinxBoardStore/boards/Xilinx/vcu118/2.4/board.xml as part xcvu9p-flga2104-2l-e specified in board_part file is either invalid or not available
WARNING: [Board 49-26] cannot add Board Part xilinx.com:vcu129:part0:1.0 available at D:/Xilinx/Vivado/2023.1/data/xhub/boards/XilinxBoardStore/boards/Xilinx/vcu129/production/1.0/board.xml as part xcvu29p-fsga2577-2l-e specified in board_part file is either invalid or not available
WARNING: [Board 49-26] cannot add Board Part xilinx.com:vcu1525:part0:1.3 available at D:/Xilinx/Vivado/2023.1/data/xhub/boards/XilinxBoardStore/boards/Xilinx/vcu1525/1.3/board.xml as part xcvu9p-fsgd2104-2l-e specified in board_part file is either invalid or not available
WARNING: [Board 49-26] cannot add Board Part xilinx.com:vek280_es:part0:1.0 available at D:/Xilinx/Vivado/2023.1/data/xhub/boards/XilinxBoardStore/boards/Xilinx/vek280/es/rev_a/1.0/board.xml as part xcve2802-vsvh1760-2lp-e-s-es1 specified in board_part file is either invalid or not available
WARNING: [Board 49-26] cannot add Board Part xilinx.com:vek280_es:part0:1.1 available at D:/Xilinx/Vivado/2023.1/data/xhub/boards/XilinxBoardStore/boards/Xilinx/vek280/es/rev_a/1.1/board.xml as part xcve2802-vsvh1760-2lp-e-s-es1 specified in board_part file is either invalid or not available
WARNING: [Board 49-26] cannot add Board Part xilinx.com:vek280_es_revb:part0:1.0 available at D:/Xilinx/Vivado/2023.1/data/xhub/boards/XilinxBoardStore/boards/Xilinx/vek280/es/rev_b/1.0/board.xml as part xcve2802-vsvh1760-2mp-e-s-es1 specified in board_part file is either invalid or not available
WARNING: [Board 49-26] cannot add Board Part xilinx.com:vek280_es_revb:part0:1.1 available at D:/Xilinx/Vivado/2023.1/data/xhub/boards/XilinxBoardStore/boards/Xilinx/vek280/es/rev_b/1.1/board.xml as part xcve2802-vsvh1760-2mp-e-s-es1 specified in board_part file is either invalid or not available
WARNING: [Board 49-26] cannot add Board Part xilinx.com:vermeo_t1_mpsoc:part0:1.0 available at D:/Xilinx/Vivado/2023.1/data/xhub/boards/XilinxBoardStore/boards/Xilinx/vermeo_t1_mpsoc/1.0/board.xml as part xczu19eg-ffvd1760-2l-e specified in board_part file is either invalid or not available
WARNING: [Board 49-26] cannot add Board Part xilinx.com:vermeo_t1_rfsoc:part0:1.0 available at D:/Xilinx/Vivado/2023.1/data/xhub/boards/XilinxBoardStore/boards/Xilinx/vermeo_t1_rfsoc/1.0/board.xml as part xczu21dr-ffvd1156-2l-e specified in board_part file is either invalid or not available
WARNING: [Board 49-26] cannot add Board Part xilinx.com:vhk158:part0:1.0 available at D:/Xilinx/Vivado/2023.1/data/xhub/boards/XilinxBoardStore/boards/Xilinx/vhk158/production/1.0/board.xml as part xcvh1582-vsva3697-2mp-e-s specified in board_part file is either invalid or not available
WARNING: [Board 49-26] cannot add Board Part xilinx.com:vhk158_es:part0:1.0 available at D:/Xilinx/Vivado/2023.1/data/xhub/boards/XilinxBoardStore/boards/Xilinx/vhk158/es/1.0/board.xml as part xcvh1582-vsva3697-2mp-e-s-es1 specified in board_part file is either invalid or not available
WARNING: [Board 49-26] cannot add Board Part xilinx.com:vhk158_es:part0:1.1 available at D:/Xilinx/Vivado/2023.1/data/xhub/boards/XilinxBoardStore/boards/Xilinx/vhk158/es/1.1/board.xml as part xcvh1582-vsva3697-2mp-e-s-es1 specified in board_part file is either invalid or not available
WARNING: [Board 49-26] cannot add Board Part xilinx.com:vmk180:part0:2.2 available at D:/Xilinx/Vivado/2023.1/data/xhub/boards/XilinxBoardStore/boards/Xilinx/vmk180/production/2.2/board.xml as part xcvm1802-vsva2197-2mp-e-s specified in board_part file is either invalid or not available
WARNING: [Board 49-26] cannot add Board Part xilinx.com:vmk180:part0:3.0 available at D:/Xilinx/Vivado/2023.1/data/xhub/boards/XilinxBoardStore/boards/Xilinx/vmk180/production/3.0/board.xml as part xcvm1802-vsva2197-2mp-e-s specified in board_part file is either invalid or not available
WARNING: [Board 49-26] cannot add Board Part xilinx.com:vmk180:part0:3.1 available at D:/Xilinx/Vivado/2023.1/data/xhub/boards/XilinxBoardStore/boards/Xilinx/vmk180/production/3.1/board.xml as part xcvm1802-vsva2197-2mp-e-s specified in board_part file is either invalid or not available
WARNING: [Board 49-26] cannot add Board Part xilinx.com:vmk180:part0:3.2 available at D:/Xilinx/Vivado/2023.1/data/xhub/boards/XilinxBoardStore/boards/Xilinx/vmk180/production/3.2/board.xml as part xcvm1802-vsva2197-2mp-e-s specified in board_part file is either invalid or not available
WARNING: [Board 49-26] cannot add Board Part xilinx.com:vmk180_newl:part0:1.0 available at D:/Xilinx/Vivado/2023.1/data/xhub/boards/XilinxBoardStore/boards/Xilinx/vmk180_newl/production/1.0/board.xml as part xcvm1802-vsva2197-2mp-e-s specified in board_part file is either invalid or not available
WARNING: [Board 49-26] cannot add Board Part xilinx.com:vmk180_newl:part0:1.1 available at D:/Xilinx/Vivado/2023.1/data/xhub/boards/XilinxBoardStore/boards/Xilinx/vmk180_newl/production/1.1/board.xml as part xcvm1802-vsva2197-2mp-e-s specified in board_part file is either invalid or not available
WARNING: [Board 49-26] cannot add Board Part xilinx.com:vpk120:part0:1.0 available at D:/Xilinx/Vivado/2023.1/data/xhub/boards/XilinxBoardStore/boards/Xilinx/vpk120/production/1.0/board.xml as part xcvp1202-vsva2785-2mp-e-s specified in board_part file is either invalid or not available
WARNING: [Board 49-26] cannot add Board Part xilinx.com:vpk120:part0:1.1 available at D:/Xilinx/Vivado/2023.1/data/xhub/boards/XilinxBoardStore/boards/Xilinx/vpk120/production/1.1/board.xml as part xcvp1202-vsva2785-2mp-e-s specified in board_part file is either invalid or not available
WARNING: [Board 49-26] cannot add Board Part xilinx.com:vpk120_es:part0:1.2 available at D:/Xilinx/Vivado/2023.1/data/xhub/boards/XilinxBoardStore/boards/Xilinx/vpk120/es/1.2/board.xml as part xcvp1202-vsva2785-2mp-e-s-es1 specified in board_part file is either invalid or not available
WARNING: [Board 49-26] cannot add Board Part xilinx.com:vpk120_es:part0:1.3 available at D:/Xilinx/Vivado/2023.1/data/xhub/boards/XilinxBoardStore/boards/Xilinx/vpk120/es/1.3/board.xml as part xcvp1202-vsva2785-2mp-e-s-es1 specified in board_part file is either invalid or not available
WARNING: [Board 49-26] cannot add Board Part xilinx.com:vpk120_es_revb:part0:1.0 available at D:/Xilinx/Vivado/2023.1/data/xhub/boards/XilinxBoardStore/boards/Xilinx/vpk120_revb/es/1.0/board.xml as part xcvp1202-vsva2785-2mp-e-s-es1 specified in board_part file is either invalid or not available
WARNING: [Board 49-26] cannot add Board Part xilinx.com:vpk120_es_revb:part0:1.1 available at D:/Xilinx/Vivado/2023.1/data/xhub/boards/XilinxBoardStore/boards/Xilinx/vpk120_revb/es/1.1/board.xml as part xcvp1202-vsva2785-2mp-e-s-es1 specified in board_part file is either invalid or not available
WARNING: [Board 49-26] cannot add Board Part xilinx.com:vpk180:part0:1.0 available at D:/Xilinx/Vivado/2023.1/data/xhub/boards/XilinxBoardStore/boards/Xilinx/vpk180/production/1.0/board.xml as part xcvp1802-lsvc4072-2mp-e-s specified in board_part file is either invalid or not available
WARNING: [Board 49-26] cannot add Board Part xilinx.com:vpk180:part0:1.1 available at D:/Xilinx/Vivado/2023.1/data/xhub/boards/XilinxBoardStore/boards/Xilinx/vpk180/production/1.1/board.xml as part xcvp1802-lsvc4072-2mp-e-s specified in board_part file is either invalid or not available
WARNING: [Board 49-26] cannot add Board Part xilinx.com:vpk180_es:part0:1.0 available at D:/Xilinx/Vivado/2023.1/data/xhub/boards/XilinxBoardStore/boards/Xilinx/vpk180/es/1.0/board.xml as part xcvp1802-lsvc4072-2mp-e-s-es1 specified in board_part file is either invalid or not available
WARNING: [Board 49-26] cannot add Board Part xilinx.com:vpk180_es:part0:1.1 available at D:/Xilinx/Vivado/2023.1/data/xhub/boards/XilinxBoardStore/boards/Xilinx/vpk180/es/1.1/board.xml as part xcvp1802-lsvc4072-2mp-e-s-es1 specified in board_part file is either invalid or not available
WARNING: [Board 49-26] cannot add Board Part xilinx.com:zc706:part0:1.4 available at D:/Xilinx/Vivado/2023.1/data/xhub/boards/XilinxBoardStore/boards/Xilinx/zc706/1.4/board.xml as part xc7z045ffg900-2 specified in board_part file is either invalid or not available
WARNING: [Board 49-26] cannot add Board Part xilinx.com:zcu102:part0:3.3 available at D:/Xilinx/Vivado/2023.1/data/xhub/boards/XilinxBoardStore/boards/Xilinx/zcu102/3.3/board.xml as part xczu9eg-ffvb1156-2-e specified in board_part file is either invalid or not available
WARNING: [Board 49-26] cannot add Board Part xilinx.com:zcu102:part0:3.4 available at D:/Xilinx/Vivado/2023.1/data/xhub/boards/XilinxBoardStore/boards/Xilinx/zcu102/3.4/board.xml as part xczu9eg-ffvb1156-2-e specified in board_part file is either invalid or not available
WARNING: [Board 49-26] cannot add Board Part xilinx.com:zcu111:part0:1.2 available at D:/Xilinx/Vivado/2023.1/data/xhub/boards/XilinxBoardStore/boards/Xilinx/zcu111/1.2/board.xml as part xczu28dr-ffvg1517-2-e specified in board_part file is either invalid or not available
WARNING: [Board 49-26] cannot add Board Part xilinx.com:zcu111:part0:1.3 available at D:/Xilinx/Vivado/2023.1/data/xhub/boards/XilinxBoardStore/boards/Xilinx/zcu111/1.3/board.xml as part xczu28dr-ffvg1517-2-e specified in board_part file is either invalid or not available
WARNING: [Board 49-26] cannot add Board Part xilinx.com:zcu111:part0:1.4 available at D:/Xilinx/Vivado/2023.1/data/xhub/boards/XilinxBoardStore/boards/Xilinx/zcu111/1.4/board.xml as part xczu28dr-ffvg1517-2-e specified in board_part file is either invalid or not available
WARNING: [Board 49-26] cannot add Board Part xilinx.com:zcu1275:part0:1.0 available at D:/Xilinx/Vivado/2023.1/data/xhub/boards/XilinxBoardStore/boards/Xilinx/zcu1275/1.0/board.xml as part xczu29dr-ffvf1760-2-e specified in board_part file is either invalid or not available
WARNING: [Board 49-26] cannot add Board Part xilinx.com:zcu1285:part0:1.0 available at D:/Xilinx/Vivado/2023.1/data/xhub/boards/XilinxBoardStore/boards/Xilinx/zcu1285/1.0/board.xml as part xczu39dr-ffvf1760-2-i specified in board_part file is either invalid or not available
WARNING: [Board 49-26] cannot add Board Part xilinx.com:zcu208:part0:2.0 available at D:/Xilinx/Vivado/2023.1/data/xhub/boards/XilinxBoardStore/boards/Xilinx/zcu208/production/2.0/board.xml as part xczu48dr-fsvg1517-2-e specified in board_part file is either invalid or not available
WARNING: [Board 49-26] cannot add Board Part xilinx.com:zcu208ld:part0:2.0 available at D:/Xilinx/Vivado/2023.1/data/xhub/boards/XilinxBoardStore/boards/Xilinx/zcu208ld/production/2.0/board.xml as part xczu58dr-fsvg1517-2-i specified in board_part file is either invalid or not available
WARNING: [Board 49-26] cannot add Board Part xilinx.com:zcu216:part0:2.0 available at D:/Xilinx/Vivado/2023.1/data/xhub/boards/XilinxBoardStore/boards/Xilinx/zcu216/production/2.0/board.xml as part xczu49dr-ffvf1760-2-e specified in board_part file is either invalid or not available
WARNING: [Board 49-26] cannot add Board Part xilinx.com:zcu216ld:part0:2.0 available at D:/Xilinx/Vivado/2023.1/data/xhub/boards/XilinxBoardStore/boards/Xilinx/zcu216ld/production/2.0/board.xml as part xczu59dr-ffvf1760-2-i specified in board_part file is either invalid or not available
WARNING: [Board 49-26] cannot add Board Part xilinx.com:zcu670:part0:2.0 available at D:/Xilinx/Vivado/2023.1/data/xhub/boards/XilinxBoardStore/boards/Xilinx/zcu670/2.0/board.xml as part xczu67dr-fsve1156-2-i specified in board_part file is either invalid or not available
WARNING: [Board 49-26] cannot add Board Part xilinx.com:zcu670ld:part0:1.0 available at D:/Xilinx/Vivado/2023.1/data/xhub/boards/XilinxBoardStore/boards/Xilinx/zcu670ld/1.0/board.xml as part xczu57dr-fsve1156-2-i specified in board_part file is either invalid or not available
INFO: [filemgmt 56-3] Default IP Output Path : Could not find the directory 'C:/Users/oegec/Documents/Desktop/cs223project_begum/cs223project_begum.gen/sources_1'.
Scanning sources...
Finished scanning sources
INFO: [IP_Flow 19-234] Refreshing IP repositories
INFO: [IP_Flow 19-1704] No user IP repositories specified
INFO: [IP_Flow 19-2313] Loaded Vivado IP repository 'D:/Xilinx/Vivado/2023.1/data/ip'.
open_project: Time (s): cpu = 00:00:29 ; elapsed = 00:00:12 . Memory (MB): peak = 1481.484 ; gain = 286.070
update_compile_order -fileset sources_1
set_property top stage2 [current_fileset]
update_compile_order -fileset sources_1
set_property top stage1 [current_fileset]
update_compile_order -fileset sources_1
set_property top stage4 [current_fileset]
update_compile_order -fileset sources_1
synth_design -rtl -rtl_skip_mlo -name rtl_1
Command: synth_design -rtl -rtl_skip_mlo -name rtl_1
Starting synth_design
Using part: xc7a35tcpg236-1
Top: stage4
INFO: [Device 21-403] Loading part xc7a35tcpg236-1
---------------------------------------------------------------------------------
Starting RTL Elaboration : Time (s): cpu = 00:00:06 ; elapsed = 00:00:06 . Memory (MB): peak = 2251.742 ; gain = 400.684
---------------------------------------------------------------------------------
INFO: [Synth 8-6157] synthesizing module 'stage4' [C:/Users/oegec/Documents/Desktop/cs223project_begum/cs223project_begum.srcs/sources_1/new/stage4.sv:23]
INFO: [Synth 8-6157] synthesizing module 'clock_generator' [C:/Users/oegec/Documents/Desktop/cs223project_begum/cs223project_begum.srcs/sources_1/new/clock_generator.sv:2]
INFO: [Synth 8-6155] done synthesizing module 'clock_generator' (0#1) [C:/Users/oegec/Documents/Desktop/cs223project_begum/cs223project_begum.srcs/sources_1/new/clock_generator.sv:2]
INFO: [Synth 8-6157] synthesizing module 'button_debouncer' [C:/Users/oegec/Documents/Desktop/cs223project_begum/cs223project_begum.srcs/sources_1/new/button_debouncer.sv:23]
INFO: [Synth 8-6155] done synthesizing module 'button_debouncer' (0#1) [C:/Users/oegec/Documents/Desktop/cs223project_begum/cs223project_begum.srcs/sources_1/new/button_debouncer.sv:23]
INFO: [Synth 8-6157] synthesizing module 'anode_ctr' [C:/Users/oegec/Documents/Desktop/cs223project_begum/cs223project_begum.srcs/sources_1/new/anode_ctr.sv:23]
INFO: [Synth 8-226] default block is never used [C:/Users/oegec/Documents/Desktop/cs223project_begum/cs223project_begum.srcs/sources_1/new/anode_ctr.sv:29]
INFO: [Synth 8-6155] done synthesizing module 'anode_ctr' (0#1) [C:/Users/oegec/Documents/Desktop/cs223project_begum/cs223project_begum.srcs/sources_1/new/anode_ctr.sv:23]
INFO: [Synth 8-6157] synthesizing module 'stage3_transmitter' [C:/Users/oegec/Documents/Desktop/cs223project_begum/cs223project_begum.srcs/sources_1/new/stage3_transmitter.sv:23]
INFO: [Synth 8-6157] synthesizing module 'register' [C:/Users/oegec/Documents/Desktop/cs223project_begum/cs223project_begum.srcs/sources_1/new/register.sv:2]
INFO: [Synth 8-6155] done synthesizing module 'register' (0#1) [C:/Users/oegec/Documents/Desktop/cs223project_begum/cs223project_begum.srcs/sources_1/new/register.sv:2]
INFO: [Synth 8-6157] synthesizing module 'shift_register' [C:/Users/oegec/Documents/Desktop/cs223project_begum/cs223project_begum.srcs/sources_1/new/shift_register.sv:22]
INFO: [Synth 8-6155] done synthesizing module 'shift_register' (0#1) [C:/Users/oegec/Documents/Desktop/cs223project_begum/cs223project_begum.srcs/sources_1/new/shift_register.sv:22]
INFO: [Synth 8-6157] synthesizing module 'counter_comparator' [C:/Users/oegec/Documents/Desktop/cs223project_begum/cs223project_begum.srcs/sources_1/new/counter_comparator.sv:23]
INFO: [Synth 8-6155] done synthesizing module 'counter_comparator' (0#1) [C:/Users/oegec/Documents/Desktop/cs223project_begum/cs223project_begum.srcs/sources_1/new/counter_comparator.sv:23]
INFO: [Synth 8-6155] done synthesizing module 'stage3_transmitter' (0#1) [C:/Users/oegec/Documents/Desktop/cs223project_begum/cs223project_begum.srcs/sources_1/new/stage3_transmitter.sv:23]
INFO: [Synth 8-6157] synthesizing module 'stage3_receiver' [C:/Users/oegec/Documents/Desktop/cs223project_begum/cs223project_begum.srcs/sources_1/new/stage3_receiver.sv:2]
INFO: [Synth 8-6155] done synthesizing module 'stage3_receiver' (0#1) [C:/Users/oegec/Documents/Desktop/cs223project_begum/cs223project_begum.srcs/sources_1/new/stage3_receiver.sv:2]
INFO: [Synth 8-6155] done synthesizing module 'stage4' (0#1) [C:/Users/oegec/Documents/Desktop/cs223project_begum/cs223project_begum.srcs/sources_1/new/stage4.sv:23]
---------------------------------------------------------------------------------
Finished RTL Elaboration : Time (s): cpu = 00:00:08 ; elapsed = 00:00:08 . Memory (MB): peak = 2344.219 ; gain = 493.160
---------------------------------------------------------------------------------
---------------------------------------------------------------------------------
Start Handling Custom Attributes
---------------------------------------------------------------------------------
---------------------------------------------------------------------------------
Finished Handling Custom Attributes : Time (s): cpu = 00:00:09 ; elapsed = 00:00:09 . Memory (MB): peak = 2344.219 ; gain = 493.160
---------------------------------------------------------------------------------
---------------------------------------------------------------------------------
Finished RTL Optimization Phase 1 : Time (s): cpu = 00:00:09 ; elapsed = 00:00:09 . Memory (MB): peak = 2344.219 ; gain = 493.160
---------------------------------------------------------------------------------
Netlist sorting complete. Time (s): cpu = 00:00:00 ; elapsed = 00:00:00.009 . Memory (MB): peak = 2344.219 ; gain = 0.000
INFO: [Project 1-570] Preparing netlist for logic optimization

Processing XDC Constraints
Initializing timing engine
Parsing XDC File [C:/Users/oegec/Documents/Desktop/cs223project_begum/cs223project_begum.srcs/constrs_1/imports/Desktop/Basys3.xdc]
Finished Parsing XDC File [C:/Users/oegec/Documents/Desktop/cs223project_begum/cs223project_begum.srcs/constrs_1/imports/Desktop/Basys3.xdc]
Completed Processing XDC Constraints

Netlist sorting complete. Time (s): cpu = 00:00:00 ; elapsed = 00:00:00 . Memory (MB): peak = 2442.652 ; gain = 0.000
INFO: [Project 1-111] Unisim Transformation Summary:
No Unisim elements were transformed.

RTL Elaboration Complete:  : Time (s): cpu = 00:00:22 ; elapsed = 00:00:14 . Memory (MB): peak = 2462.871 ; gain = 611.812
22 Infos, 0 Warnings, 0 Critical Warnings and 0 Errors encountered.
synth_design completed successfully
synth_design: Time (s): cpu = 00:00:26 ; elapsed = 00:00:20 . Memory (MB): peak = 2462.871 ; gain = 955.523
set_property top stage3_transmitter [current_fileset]
update_compile_order -fileset sources_1
refresh_design
---------------------------------------------------------------------------------
Starting RTL Elaboration : Time (s): cpu = 00:00:07 ; elapsed = 00:00:07 . Memory (MB): peak = 2559.461 ; gain = 50.438
---------------------------------------------------------------------------------
INFO: [Synth 8-6157] synthesizing module 'stage3_transmitter' [C:/Users/oegec/Documents/Desktop/cs223project_begum/cs223project_begum.srcs/sources_1/new/stage3_transmitter.sv:23]
INFO: [Synth 8-6157] synthesizing module 'register' [C:/Users/oegec/Documents/Desktop/cs223project_begum/cs223project_begum.srcs/sources_1/new/register.sv:2]
INFO: [Synth 8-6155] done synthesizing module 'register' (0#1) [C:/Users/oegec/Documents/Desktop/cs223project_begum/cs223project_begum.srcs/sources_1/new/register.sv:2]
INFO: [Synth 8-6157] synthesizing module 'shift_register' [C:/Users/oegec/Documents/Desktop/cs223project_begum/cs223project_begum.srcs/sources_1/new/shift_register.sv:22]
INFO: [Synth 8-6155] done synthesizing module 'shift_register' (0#1) [C:/Users/oegec/Documents/Desktop/cs223project_begum/cs223project_begum.srcs/sources_1/new/shift_register.sv:22]
INFO: [Synth 8-6157] synthesizing module 'counter_comparator' [C:/Users/oegec/Documents/Desktop/cs223project_begum/cs223project_begum.srcs/sources_1/new/counter_comparator.sv:23]
INFO: [Synth 8-6155] done synthesizing module 'counter_comparator' (0#1) [C:/Users/oegec/Documents/Desktop/cs223project_begum/cs223project_begum.srcs/sources_1/new/counter_comparator.sv:23]
INFO: [Synth 8-6155] done synthesizing module 'stage3_transmitter' (0#1) [C:/Users/oegec/Documents/Desktop/cs223project_begum/cs223project_begum.srcs/sources_1/new/stage3_transmitter.sv:23]
---------------------------------------------------------------------------------
Finished RTL Elaboration : Time (s): cpu = 00:00:09 ; elapsed = 00:00:09 . Memory (MB): peak = 2653.543 ; gain = 144.520
---------------------------------------------------------------------------------
---------------------------------------------------------------------------------
Start Handling Custom Attributes
---------------------------------------------------------------------------------
---------------------------------------------------------------------------------
Finished Handling Custom Attributes : Time (s): cpu = 00:00:09 ; elapsed = 00:00:09 . Memory (MB): peak = 2653.543 ; gain = 144.520
---------------------------------------------------------------------------------
---------------------------------------------------------------------------------
Finished RTL Optimization Phase 1 : Time (s): cpu = 00:00:09 ; elapsed = 00:00:09 . Memory (MB): peak = 2653.543 ; gain = 144.520
---------------------------------------------------------------------------------
Netlist sorting complete. Time (s): cpu = 00:00:00 ; elapsed = 00:00:00.003 . Memory (MB): peak = 2653.543 ; gain = 0.000
INFO: [Project 1-570] Preparing netlist for logic optimization

Processing XDC Constraints
Initializing timing engine
Parsing XDC File [C:/Users/oegec/Documents/Desktop/cs223project_begum/cs223project_begum.srcs/constrs_1/imports/Desktop/Basys3.xdc]
WARNING: [Vivado 12-584] No ports matched 'clk'. [C:/Users/oegec/Documents/Desktop/cs223project_begum/cs223project_begum.srcs/constrs_1/imports/Desktop/Basys3.xdc:7]
CRITICAL WARNING: [Common 17-55] 'set_property' expects at least one object. [C:/Users/oegec/Documents/Desktop/cs223project_begum/cs223project_begum.srcs/constrs_1/imports/Desktop/Basys3.xdc:7]
Resolution: If [get_<value>] was used to populate the object, check to make sure this command returns at least one valid object.
WARNING: [Vivado 12-584] No ports matched 'clk'. [C:/Users/oegec/Documents/Desktop/cs223project_begum/cs223project_begum.srcs/constrs_1/imports/Desktop/Basys3.xdc:8]
CRITICAL WARNING: [Common 17-55] 'set_property' expects at least one object. [C:/Users/oegec/Documents/Desktop/cs223project_begum/cs223project_begum.srcs/constrs_1/imports/Desktop/Basys3.xdc:8]
Resolution: If [get_<value>] was used to populate the object, check to make sure this command returns at least one valid object.
WARNING: [Vivado 12-584] No ports matched 'page[0]'. [C:/Users/oegec/Documents/Desktop/cs223project_begum/cs223project_begum.srcs/constrs_1/imports/Desktop/Basys3.xdc:66]
CRITICAL WARNING: [Common 17-55] 'set_property' expects at least one object. [C:/Users/oegec/Documents/Desktop/cs223project_begum/cs223project_begum.srcs/constrs_1/imports/Desktop/Basys3.xdc:66]
Resolution: If [get_<value>] was used to populate the object, check to make sure this command returns at least one valid object.
WARNING: [Vivado 12-584] No ports matched 'page[0]'. [C:/Users/oegec/Documents/Desktop/cs223project_begum/cs223project_begum.srcs/constrs_1/imports/Desktop/Basys3.xdc:67]
CRITICAL WARNING: [Common 17-55] 'set_property' expects at least one object. [C:/Users/oegec/Documents/Desktop/cs223project_begum/cs223project_begum.srcs/constrs_1/imports/Desktop/Basys3.xdc:67]
Resolution: If [get_<value>] was used to populate the object, check to make sure this command returns at least one valid object.
WARNING: [Vivado 12-584] No ports matched 'page[1]'. [C:/Users/oegec/Documents/Desktop/cs223project_begum/cs223project_begum.srcs/constrs_1/imports/Desktop/Basys3.xdc:68]
CRITICAL WARNING: [Common 17-55] 'set_property' expects at least one object. [C:/Users/oegec/Documents/Desktop/cs223project_begum/cs223project_begum.srcs/constrs_1/imports/Desktop/Basys3.xdc:68]
Resolution: If [get_<value>] was used to populate the object, check to make sure this command returns at least one valid object.
WARNING: [Vivado 12-584] No ports matched 'page[1]'. [C:/Users/oegec/Documents/Desktop/cs223project_begum/cs223project_begum.srcs/constrs_1/imports/Desktop/Basys3.xdc:69]
CRITICAL WARNING: [Common 17-55] 'set_property' expects at least one object. [C:/Users/oegec/Documents/Desktop/cs223project_begum/cs223project_begum.srcs/constrs_1/imports/Desktop/Basys3.xdc:69]
Resolution: If [get_<value>] was used to populate the object, check to make sure this command returns at least one valid object.
WARNING: [Vivado 12-584] No ports matched 'whichMem'. [C:/Users/oegec/Documents/Desktop/cs223project_begum/cs223project_begum.srcs/constrs_1/imports/Desktop/Basys3.xdc:76]
CRITICAL WARNING: [Common 17-55] 'set_property' expects at least one object. [C:/Users/oegec/Documents/Desktop/cs223project_begum/cs223project_begum.srcs/constrs_1/imports/Desktop/Basys3.xdc:76]
Resolution: If [get_<value>] was used to populate the object, check to make sure this command returns at least one valid object.
WARNING: [Vivado 12-584] No ports matched 'whichMem'. [C:/Users/oegec/Documents/Desktop/cs223project_begum/cs223project_begum.srcs/constrs_1/imports/Desktop/Basys3.xdc:77]
CRITICAL WARNING: [Common 17-55] 'set_property' expects at least one object. [C:/Users/oegec/Documents/Desktop/cs223project_begum/cs223project_begum.srcs/constrs_1/imports/Desktop/Basys3.xdc:77]
Resolution: If [get_<value>] was used to populate the object, check to make sure this command returns at least one valid object.
WARNING: [Vivado 12-584] No ports matched 'seg[0]'. [C:/Users/oegec/Documents/Desktop/cs223project_begum/cs223project_begum.srcs/constrs_1/imports/Desktop/Basys3.xdc:81]
CRITICAL WARNING: [Common 17-55] 'set_property' expects at least one object. [C:/Users/oegec/Documents/Desktop/cs223project_begum/cs223project_begum.srcs/constrs_1/imports/Desktop/Basys3.xdc:81]
Resolution: If [get_<value>] was used to populate the object, check to make sure this command returns at least one valid object.
WARNING: [Vivado 12-584] No ports matched 'seg[0]'. [C:/Users/oegec/Documents/Desktop/cs223project_begum/cs223project_begum.srcs/constrs_1/imports/Desktop/Basys3.xdc:82]
CRITICAL WARNING: [Common 17-55] 'set_property' expects at least one object. [C:/Users/oegec/Documents/Desktop/cs223project_begum/cs223project_begum.srcs/constrs_1/imports/Desktop/Basys3.xdc:82]
Resolution: If [get_<value>] was used to populate the object, check to make sure this command returns at least one valid object.
WARNING: [Vivado 12-584] No ports matched 'seg[1]'. [C:/Users/oegec/Documents/Desktop/cs223project_begum/cs223project_begum.srcs/constrs_1/imports/Desktop/Basys3.xdc:83]
CRITICAL WARNING: [Common 17-55] 'set_property' expects at least one object. [C:/Users/oegec/Documents/Desktop/cs223project_begum/cs223project_begum.srcs/constrs_1/imports/Desktop/Basys3.xdc:83]
Resolution: If [get_<value>] was used to populate the object, check to make sure this command returns at least one valid object.
WARNING: [Vivado 12-584] No ports matched 'seg[1]'. [C:/Users/oegec/Documents/Desktop/cs223project_begum/cs223project_begum.srcs/constrs_1/imports/Desktop/Basys3.xdc:84]
CRITICAL WARNING: [Common 17-55] 'set_property' expects at least one object. [C:/Users/oegec/Documents/Desktop/cs223project_begum/cs223project_begum.srcs/constrs_1/imports/Desktop/Basys3.xdc:84]
Resolution: If [get_<value>] was used to populate the object, check to make sure this command returns at least one valid object.
WARNING: [Vivado 12-584] No ports matched 'seg[2]'. [C:/Users/oegec/Documents/Desktop/cs223project_begum/cs223project_begum.srcs/constrs_1/imports/Desktop/Basys3.xdc:85]
CRITICAL WARNING: [Common 17-55] 'set_property' expects at least one object. [C:/Users/oegec/Documents/Desktop/cs223project_begum/cs223project_begum.srcs/constrs_1/imports/Desktop/Basys3.xdc:85]
Resolution: If [get_<value>] was used to populate the object, check to make sure this command returns at least one valid object.
WARNING: [Vivado 12-584] No ports matched 'seg[2]'. [C:/Users/oegec/Documents/Desktop/cs223project_begum/cs223project_begum.srcs/constrs_1/imports/Desktop/Basys3.xdc:86]
CRITICAL WARNING: [Common 17-55] 'set_property' expects at least one object. [C:/Users/oegec/Documents/Desktop/cs223project_begum/cs223project_begum.srcs/constrs_1/imports/Desktop/Basys3.xdc:86]
Resolution: If [get_<value>] was used to populate the object, check to make sure this command returns at least one valid object.
WARNING: [Vivado 12-584] No ports matched 'seg[3]'. [C:/Users/oegec/Documents/Desktop/cs223project_begum/cs223project_begum.srcs/constrs_1/imports/Desktop/Basys3.xdc:87]
CRITICAL WARNING: [Common 17-55] 'set_property' expects at least one object. [C:/Users/oegec/Documents/Desktop/cs223project_begum/cs223project_begum.srcs/constrs_1/imports/Desktop/Basys3.xdc:87]
Resolution: If [get_<value>] was used to populate the object, check to make sure this command returns at least one valid object.
WARNING: [Vivado 12-584] No ports matched 'seg[3]'. [C:/Users/oegec/Documents/Desktop/cs223project_begum/cs223project_begum.srcs/constrs_1/imports/Desktop/Basys3.xdc:88]
CRITICAL WARNING: [Common 17-55] 'set_property' expects at least one object. [C:/Users/oegec/Documents/Desktop/cs223project_begum/cs223project_begum.srcs/constrs_1/imports/Desktop/Basys3.xdc:88]
Resolution: If [get_<value>] was used to populate the object, check to make sure this command returns at least one valid object.
WARNING: [Vivado 12-584] No ports matched 'seg[4]'. [C:/Users/oegec/Documents/Desktop/cs223project_begum/cs223project_begum.srcs/constrs_1/imports/Desktop/Basys3.xdc:89]
CRITICAL WARNING: [Common 17-55] 'set_property' expects at least one object. [C:/Users/oegec/Documents/Desktop/cs223project_begum/cs223project_begum.srcs/constrs_1/imports/Desktop/Basys3.xdc:89]
Resolution: If [get_<value>] was used to populate the object, check to make sure this command returns at least one valid object.
WARNING: [Vivado 12-584] No ports matched 'seg[4]'. [C:/Users/oegec/Documents/Desktop/cs223project_begum/cs223project_begum.srcs/constrs_1/imports/Desktop/Basys3.xdc:90]
CRITICAL WARNING: [Common 17-55] 'set_property' expects at least one object. [C:/Users/oegec/Documents/Desktop/cs223project_begum/cs223project_begum.srcs/constrs_1/imports/Desktop/Basys3.xdc:90]
Resolution: If [get_<value>] was used to populate the object, check to make sure this command returns at least one valid object.
WARNING: [Vivado 12-584] No ports matched 'seg[5]'. [C:/Users/oegec/Documents/Desktop/cs223project_begum/cs223project_begum.srcs/constrs_1/imports/Desktop/Basys3.xdc:91]
CRITICAL WARNING: [Common 17-55] 'set_property' expects at least one object. [C:/Users/oegec/Documents/Desktop/cs223project_begum/cs223project_begum.srcs/constrs_1/imports/Desktop/Basys3.xdc:91]
Resolution: If [get_<value>] was used to populate the object, check to make sure this command returns at least one valid object.
WARNING: [Vivado 12-584] No ports matched 'seg[5]'. [C:/Users/oegec/Documents/Desktop/cs223project_begum/cs223project_begum.srcs/constrs_1/imports/Desktop/Basys3.xdc:92]
CRITICAL WARNING: [Common 17-55] 'set_property' expects at least one object. [C:/Users/oegec/Documents/Desktop/cs223project_begum/cs223project_begum.srcs/constrs_1/imports/Desktop/Basys3.xdc:92]
Resolution: If [get_<value>] was used to populate the object, check to make sure this command returns at least one valid object.
WARNING: [Vivado 12-584] No ports matched 'seg[6]'. [C:/Users/oegec/Documents/Desktop/cs223project_begum/cs223project_begum.srcs/constrs_1/imports/Desktop/Basys3.xdc:93]
CRITICAL WARNING: [Common 17-55] 'set_property' expects at least one object. [C:/Users/oegec/Documents/Desktop/cs223project_begum/cs223project_begum.srcs/constrs_1/imports/Desktop/Basys3.xdc:93]
Resolution: If [get_<value>] was used to populate the object, check to make sure this command returns at least one valid object.
WARNING: [Vivado 12-584] No ports matched 'seg[6]'. [C:/Users/oegec/Documents/Desktop/cs223project_begum/cs223project_begum.srcs/constrs_1/imports/Desktop/Basys3.xdc:94]
CRITICAL WARNING: [Common 17-55] 'set_property' expects at least one object. [C:/Users/oegec/Documents/Desktop/cs223project_begum/cs223project_begum.srcs/constrs_1/imports/Desktop/Basys3.xdc:94]
Resolution: If [get_<value>] was used to populate the object, check to make sure this command returns at least one valid object.
WARNING: [Vivado 12-584] No ports matched 'an[0]'. [C:/Users/oegec/Documents/Desktop/cs223project_begum/cs223project_begum.srcs/constrs_1/imports/Desktop/Basys3.xdc:97]
CRITICAL WARNING: [Common 17-55] 'set_property' expects at least one object. [C:/Users/oegec/Documents/Desktop/cs223project_begum/cs223project_begum.srcs/constrs_1/imports/Desktop/Basys3.xdc:97]
Resolution: If [get_<value>] was used to populate the object, check to make sure this command returns at least one valid object.
WARNING: [Vivado 12-584] No ports matched 'an[0]'. [C:/Users/oegec/Documents/Desktop/cs223project_begum/cs223project_begum.srcs/constrs_1/imports/Desktop/Basys3.xdc:98]
CRITICAL WARNING: [Common 17-55] 'set_property' expects at least one object. [C:/Users/oegec/Documents/Desktop/cs223project_begum/cs223project_begum.srcs/constrs_1/imports/Desktop/Basys3.xdc:98]
Resolution: If [get_<value>] was used to populate the object, check to make sure this command returns at least one valid object.
WARNING: [Vivado 12-584] No ports matched 'an[1]'. [C:/Users/oegec/Documents/Desktop/cs223project_begum/cs223project_begum.srcs/constrs_1/imports/Desktop/Basys3.xdc:99]
CRITICAL WARNING: [Common 17-55] 'set_property' expects at least one object. [C:/Users/oegec/Documents/Desktop/cs223project_begum/cs223project_begum.srcs/constrs_1/imports/Desktop/Basys3.xdc:99]
Resolution: If [get_<value>] was used to populate the object, check to make sure this command returns at least one valid object.
WARNING: [Vivado 12-584] No ports matched 'an[1]'. [C:/Users/oegec/Documents/Desktop/cs223project_begum/cs223project_begum.srcs/constrs_1/imports/Desktop/Basys3.xdc:100]
CRITICAL WARNING: [Common 17-55] 'set_property' expects at least one object. [C:/Users/oegec/Documents/Desktop/cs223project_begum/cs223project_begum.srcs/constrs_1/imports/Desktop/Basys3.xdc:100]
Resolution: If [get_<value>] was used to populate the object, check to make sure this command returns at least one valid object.
WARNING: [Vivado 12-584] No ports matched 'an[2]'. [C:/Users/oegec/Documents/Desktop/cs223project_begum/cs223project_begum.srcs/constrs_1/imports/Desktop/Basys3.xdc:101]
CRITICAL WARNING: [Common 17-55] 'set_property' expects at least one object. [C:/Users/oegec/Documents/Desktop/cs223project_begum/cs223project_begum.srcs/constrs_1/imports/Desktop/Basys3.xdc:101]
Resolution: If [get_<value>] was used to populate the object, check to make sure this command returns at least one valid object.
WARNING: [Vivado 12-584] No ports matched 'an[2]'. [C:/Users/oegec/Documents/Desktop/cs223project_begum/cs223project_begum.srcs/constrs_1/imports/Desktop/Basys3.xdc:102]
CRITICAL WARNING: [Common 17-55] 'set_property' expects at least one object. [C:/Users/oegec/Documents/Desktop/cs223project_begum/cs223project_begum.srcs/constrs_1/imports/Desktop/Basys3.xdc:102]
Resolution: If [get_<value>] was used to populate the object, check to make sure this command returns at least one valid object.
WARNING: [Vivado 12-584] No ports matched 'an[3]'. [C:/Users/oegec/Documents/Desktop/cs223project_begum/cs223project_begum.srcs/constrs_1/imports/Desktop/Basys3.xdc:103]
CRITICAL WARNING: [Common 17-55] 'set_property' expects at least one object. [C:/Users/oegec/Documents/Desktop/cs223project_begum/cs223project_begum.srcs/constrs_1/imports/Desktop/Basys3.xdc:103]
Resolution: If [get_<value>] was used to populate the object, check to make sure this command returns at least one valid object.
WARNING: [Vivado 12-584] No ports matched 'an[3]'. [C:/Users/oegec/Documents/Desktop/cs223project_begum/cs223project_begum.srcs/constrs_1/imports/Desktop/Basys3.xdc:104]
CRITICAL WARNING: [Common 17-55] 'set_property' expects at least one object. [C:/Users/oegec/Documents/Desktop/cs223project_begum/cs223project_begum.srcs/constrs_1/imports/Desktop/Basys3.xdc:104]
Resolution: If [get_<value>] was used to populate the object, check to make sure this command returns at least one valid object.
WARNING: [Vivado 12-584] No ports matched 'btnc'. [C:/Users/oegec/Documents/Desktop/cs223project_begum/cs223project_begum.srcs/constrs_1/imports/Desktop/Basys3.xdc:107]
CRITICAL WARNING: [Common 17-55] 'set_property' expects at least one object. [C:/Users/oegec/Documents/Desktop/cs223project_begum/cs223project_begum.srcs/constrs_1/imports/Desktop/Basys3.xdc:107]
Resolution: If [get_<value>] was used to populate the object, check to make sure this command returns at least one valid object.
WARNING: [Vivado 12-584] No ports matched 'btnc'. [C:/Users/oegec/Documents/Desktop/cs223project_begum/cs223project_begum.srcs/constrs_1/imports/Desktop/Basys3.xdc:108]
CRITICAL WARNING: [Common 17-55] 'set_property' expects at least one object. [C:/Users/oegec/Documents/Desktop/cs223project_begum/cs223project_begum.srcs/constrs_1/imports/Desktop/Basys3.xdc:108]
Resolution: If [get_<value>] was used to populate the object, check to make sure this command returns at least one valid object.
WARNING: [Vivado 12-584] No ports matched 'btnu'. [C:/Users/oegec/Documents/Desktop/cs223project_begum/cs223project_begum.srcs/constrs_1/imports/Desktop/Basys3.xdc:109]
CRITICAL WARNING: [Common 17-55] 'set_property' expects at least one object. [C:/Users/oegec/Documents/Desktop/cs223project_begum/cs223project_begum.srcs/constrs_1/imports/Desktop/Basys3.xdc:109]
Resolution: If [get_<value>] was used to populate the object, check to make sure this command returns at least one valid object.
WARNING: [Vivado 12-584] No ports matched 'btnu'. [C:/Users/oegec/Documents/Desktop/cs223project_begum/cs223project_begum.srcs/constrs_1/imports/Desktop/Basys3.xdc:110]
CRITICAL WARNING: [Common 17-55] 'set_property' expects at least one object. [C:/Users/oegec/Documents/Desktop/cs223project_begum/cs223project_begum.srcs/constrs_1/imports/Desktop/Basys3.xdc:110]
Resolution: If [get_<value>] was used to populate the object, check to make sure this command returns at least one valid object.
WARNING: [Vivado 12-584] No ports matched 'btnl'. [C:/Users/oegec/Documents/Desktop/cs223project_begum/cs223project_begum.srcs/constrs_1/imports/Desktop/Basys3.xdc:111]
CRITICAL WARNING: [Common 17-55] 'set_property' expects at least one object. [C:/Users/oegec/Documents/Desktop/cs223project_begum/cs223project_begum.srcs/constrs_1/imports/Desktop/Basys3.xdc:111]
Resolution: If [get_<value>] was used to populate the object, check to make sure this command returns at least one valid object.
WARNING: [Vivado 12-584] No ports matched 'btnl'. [C:/Users/oegec/Documents/Desktop/cs223project_begum/cs223project_begum.srcs/constrs_1/imports/Desktop/Basys3.xdc:112]
CRITICAL WARNING: [Common 17-55] 'set_property' expects at least one object. [C:/Users/oegec/Documents/Desktop/cs223project_begum/cs223project_begum.srcs/constrs_1/imports/Desktop/Basys3.xdc:112]
Resolution: If [get_<value>] was used to populate the object, check to make sure this command returns at least one valid object.
WARNING: [Vivado 12-584] No ports matched 'btnr'. [C:/Users/oegec/Documents/Desktop/cs223project_begum/cs223project_begum.srcs/constrs_1/imports/Desktop/Basys3.xdc:113]
CRITICAL WARNING: [Common 17-55] 'set_property' expects at least one object. [C:/Users/oegec/Documents/Desktop/cs223project_begum/cs223project_begum.srcs/constrs_1/imports/Desktop/Basys3.xdc:113]
Resolution: If [get_<value>] was used to populate the object, check to make sure this command returns at least one valid object.
WARNING: [Vivado 12-584] No ports matched 'btnr'. [C:/Users/oegec/Documents/Desktop/cs223project_begum/cs223project_begum.srcs/constrs_1/imports/Desktop/Basys3.xdc:114]
CRITICAL WARNING: [Common 17-55] 'set_property' expects at least one object. [C:/Users/oegec/Documents/Desktop/cs223project_begum/cs223project_begum.srcs/constrs_1/imports/Desktop/Basys3.xdc:114]
Resolution: If [get_<value>] was used to populate the object, check to make sure this command returns at least one valid object.
WARNING: [Vivado 12-584] No ports matched 'btnd'. [C:/Users/oegec/Documents/Desktop/cs223project_begum/cs223project_begum.srcs/constrs_1/imports/Desktop/Basys3.xdc:115]
CRITICAL WARNING: [Common 17-55] 'set_property' expects at least one object. [C:/Users/oegec/Documents/Desktop/cs223project_begum/cs223project_begum.srcs/constrs_1/imports/Desktop/Basys3.xdc:115]
Resolution: If [get_<value>] was used to populate the object, check to make sure this command returns at least one valid object.
WARNING: [Vivado 12-584] No ports matched 'btnd'. [C:/Users/oegec/Documents/Desktop/cs223project_begum/cs223project_begum.srcs/constrs_1/imports/Desktop/Basys3.xdc:116]
CRITICAL WARNING: [Common 17-55] 'set_property' expects at least one object. [C:/Users/oegec/Documents/Desktop/cs223project_begum/cs223project_begum.srcs/constrs_1/imports/Desktop/Basys3.xdc:116]
Resolution: If [get_<value>] was used to populate the object, check to make sure this command returns at least one valid object.
WARNING: [Vivado 12-584] No ports matched 'rx'. [C:/Users/oegec/Documents/Desktop/cs223project_begum/cs223project_begum.srcs/constrs_1/imports/Desktop/Basys3.xdc:123]
CRITICAL WARNING: [Common 17-55] 'set_property' expects at least one object. [C:/Users/oegec/Documents/Desktop/cs223project_begum/cs223project_begum.srcs/constrs_1/imports/Desktop/Basys3.xdc:123]
Resolution: If [get_<value>] was used to populate the object, check to make sure this command returns at least one valid object.
WARNING: [Vivado 12-584] No ports matched 'rx'. [C:/Users/oegec/Documents/Desktop/cs223project_begum/cs223project_begum.srcs/constrs_1/imports/Desktop/Basys3.xdc:124]
CRITICAL WARNING: [Common 17-55] 'set_property' expects at least one object. [C:/Users/oegec/Documents/Desktop/cs223project_begum/cs223project_begum.srcs/constrs_1/imports/Desktop/Basys3.xdc:124]
Resolution: If [get_<value>] was used to populate the object, check to make sure this command returns at least one valid object.
Finished Parsing XDC File [C:/Users/oegec/Documents/Desktop/cs223project_begum/cs223project_begum.srcs/constrs_1/imports/Desktop/Basys3.xdc]
Completed Processing XDC Constraints

refresh_design: Time (s): cpu = 00:00:18 ; elapsed = 00:00:12 . Memory (MB): peak = 2664.332 ; gain = 155.309
set_property top stage4 [current_fileset]
update_compile_order -fileset sources_1
close_design
synth_design -rtl -rtl_skip_mlo -name rtl_1
Command: synth_design -rtl -rtl_skip_mlo -name rtl_1
Starting synth_design
Using part: xc7a35tcpg236-1
Top: stage4
---------------------------------------------------------------------------------
Starting RTL Elaboration : Time (s): cpu = 00:00:06 ; elapsed = 00:00:06 . Memory (MB): peak = 2671.137 ; gain = 0.000
---------------------------------------------------------------------------------
INFO: [Synth 8-6157] synthesizing module 'stage4' [C:/Users/oegec/Documents/Desktop/cs223project_begum/cs223project_begum.srcs/sources_1/new/stage4.sv:23]
INFO: [Synth 8-6157] synthesizing module 'clock_generator' [C:/Users/oegec/Documents/Desktop/cs223project_begum/cs223project_begum.srcs/sources_1/new/clock_generator.sv:2]
INFO: [Synth 8-6155] done synthesizing module 'clock_generator' (0#1) [C:/Users/oegec/Documents/Desktop/cs223project_begum/cs223project_begum.srcs/sources_1/new/clock_generator.sv:2]
INFO: [Synth 8-6157] synthesizing module 'button_debouncer' [C:/Users/oegec/Documents/Desktop/cs223project_begum/cs223project_begum.srcs/sources_1/new/button_debouncer.sv:23]
INFO: [Synth 8-6155] done synthesizing module 'button_debouncer' (0#1) [C:/Users/oegec/Documents/Desktop/cs223project_begum/cs223project_begum.srcs/sources_1/new/button_debouncer.sv:23]
INFO: [Synth 8-6157] synthesizing module 'anode_ctr' [C:/Users/oegec/Documents/Desktop/cs223project_begum/cs223project_begum.srcs/sources_1/new/anode_ctr.sv:23]
INFO: [Synth 8-226] default block is never used [C:/Users/oegec/Documents/Desktop/cs223project_begum/cs223project_begum.srcs/sources_1/new/anode_ctr.sv:29]
INFO: [Synth 8-6155] done synthesizing module 'anode_ctr' (0#1) [C:/Users/oegec/Documents/Desktop/cs223project_begum/cs223project_begum.srcs/sources_1/new/anode_ctr.sv:23]
INFO: [Synth 8-6157] synthesizing module 'stage3_transmitter' [C:/Users/oegec/Documents/Desktop/cs223project_begum/cs223project_begum.srcs/sources_1/new/stage3_transmitter.sv:23]
INFO: [Synth 8-6157] synthesizing module 'register' [C:/Users/oegec/Documents/Desktop/cs223project_begum/cs223project_begum.srcs/sources_1/new/register.sv:2]
INFO: [Synth 8-6155] done synthesizing module 'register' (0#1) [C:/Users/oegec/Documents/Desktop/cs223project_begum/cs223project_begum.srcs/sources_1/new/register.sv:2]
INFO: [Synth 8-6157] synthesizing module 'shift_register' [C:/Users/oegec/Documents/Desktop/cs223project_begum/cs223project_begum.srcs/sources_1/new/shift_register.sv:22]
INFO: [Synth 8-6155] done synthesizing module 'shift_register' (0#1) [C:/Users/oegec/Documents/Desktop/cs223project_begum/cs223project_begum.srcs/sources_1/new/shift_register.sv:22]
INFO: [Synth 8-6157] synthesizing module 'counter_comparator' [C:/Users/oegec/Documents/Desktop/cs223project_begum/cs223project_begum.srcs/sources_1/new/counter_comparator.sv:23]
INFO: [Synth 8-6155] done synthesizing module 'counter_comparator' (0#1) [C:/Users/oegec/Documents/Desktop/cs223project_begum/cs223project_begum.srcs/sources_1/new/counter_comparator.sv:23]
INFO: [Synth 8-6155] done synthesizing module 'stage3_transmitter' (0#1) [C:/Users/oegec/Documents/Desktop/cs223project_begum/cs223project_begum.srcs/sources_1/new/stage3_transmitter.sv:23]
INFO: [Synth 8-6157] synthesizing module 'stage3_receiver' [C:/Users/oegec/Documents/Desktop/cs223project_begum/cs223project_begum.srcs/sources_1/new/stage3_receiver.sv:2]
INFO: [Synth 8-6155] done synthesizing module 'stage3_receiver' (0#1) [C:/Users/oegec/Documents/Desktop/cs223project_begum/cs223project_begum.srcs/sources_1/new/stage3_receiver.sv:2]
INFO: [Synth 8-6155] done synthesizing module 'stage4' (0#1) [C:/Users/oegec/Documents/Desktop/cs223project_begum/cs223project_begum.srcs/sources_1/new/stage4.sv:23]
---------------------------------------------------------------------------------
Finished RTL Elaboration : Time (s): cpu = 00:00:09 ; elapsed = 00:00:09 . Memory (MB): peak = 2671.137 ; gain = 0.000
---------------------------------------------------------------------------------
---------------------------------------------------------------------------------
Start Handling Custom Attributes
---------------------------------------------------------------------------------
---------------------------------------------------------------------------------
Finished Handling Custom Attributes : Time (s): cpu = 00:00:09 ; elapsed = 00:00:09 . Memory (MB): peak = 2671.137 ; gain = 0.000
---------------------------------------------------------------------------------
---------------------------------------------------------------------------------
Finished RTL Optimization Phase 1 : Time (s): cpu = 00:00:09 ; elapsed = 00:00:09 . Memory (MB): peak = 2671.137 ; gain = 0.000
---------------------------------------------------------------------------------
Netlist sorting complete. Time (s): cpu = 00:00:00 ; elapsed = 00:00:00.007 . Memory (MB): peak = 2671.137 ; gain = 0.000
INFO: [Project 1-570] Preparing netlist for logic optimization

Processing XDC Constraints
Initializing timing engine
Parsing XDC File [C:/Users/oegec/Documents/Desktop/cs223project_begum/cs223project_begum.srcs/constrs_1/imports/Desktop/Basys3.xdc]
Finished Parsing XDC File [C:/Users/oegec/Documents/Desktop/cs223project_begum/cs223project_begum.srcs/constrs_1/imports/Desktop/Basys3.xdc]
Completed Processing XDC Constraints

Netlist sorting complete. Time (s): cpu = 00:00:00 ; elapsed = 00:00:00.001 . Memory (MB): peak = 2671.137 ; gain = 0.000
INFO: [Project 1-111] Unisim Transformation Summary:
No Unisim elements were transformed.

RTL Elaboration Complete:  : Time (s): cpu = 00:00:14 ; elapsed = 00:00:11 . Memory (MB): peak = 2671.137 ; gain = 0.000
21 Infos, 0 Warnings, 0 Critical Warnings and 0 Errors encountered.
synth_design completed successfully
synth_design: Time (s): cpu = 00:00:14 ; elapsed = 00:00:11 . Memory (MB): peak = 2671.137 ; gain = 0.000
exit
INFO: [Common 17-206] Exiting Vivado at Mon Dec 11 02:14:13 2023...
